{"C:\\Users\\Sagar Kakkar\\Downloads\\namaste-react-main\\namaste-react-main\\Lecture11_Data_is_the_new_oil\\src\\components\\Contact.jsx": {"path":"C:\\Users\\Sagar Kakkar\\Downloads\\namaste-react-main\\namaste-react-main\\Lecture11_Data_is_the_new_oil\\src\\components\\Contact.jsx","statementMap":{"0":{"start":{"line":1,"column":27},"end":{"line":12,"column":1}},"1":{"start":{"line":2,"column":4},"end":{"line":11,"column":5}}},"fnMap":{"0":{"name":"(anonymous_0)","decl":{"start":{"line":1,"column":27},"end":{"line":1,"column":28}},"loc":{"start":{"line":1,"column":33},"end":{"line":12,"column":1}},"line":1}},"branchMap":{},"s":{"0":1,"1":1},"f":{"0":1},"b":{},"_coverageSchema":"1a1c01bbd47fc00a2c39e90264f33305004495a9","hash":"39b43883f712760cd79a92f20629cda9682dfd41"}
,"C:\\Users\\Sagar Kakkar\\Downloads\\namaste-react-main\\namaste-react-main\\Lecture11_Data_is_the_new_oil\\src\\components\\sum.js": {"path":"C:\\Users\\Sagar Kakkar\\Downloads\\namaste-react-main\\namaste-react-main\\Lecture11_Data_is_the_new_oil\\src\\components\\sum.js","statementMap":{"0":{"start":{"line":2,"column":2},"end":{"line":2,"column":14}}},"fnMap":{"0":{"name":"sum","decl":{"start":{"line":1,"column":9},"end":{"line":1,"column":12}},"loc":{"start":{"line":1,"column":19},"end":{"line":3,"column":1}},"line":1}},"branchMap":{},"s":{"0":1},"f":{"0":1},"b":{},"_coverageSchema":"1a1c01bbd47fc00a2c39e90264f33305004495a9","hash":"8e4b281f99d5911739e494d5b1c65181b2909866"}
}
